\BOOKMARK [0][-]{chapter*.7}{Introducci\363n}{}% 1
\BOOKMARK [0][-]{chapter.1}{Problemas de Enrutamiento de Veh\355culos y m\351todos de b\372squeda local}{}% 2
\BOOKMARK [1][-]{section.1.1}{Problema de Enrutamiento de Veh\355culos}{chapter.1}% 3
\BOOKMARK [1][-]{section.1.2}{Metaheur\355sticas de B\372squeda Local}{chapter.1}% 4
\BOOKMARK [2][-]{subsection.1.2.1}{Representaci\363n de soluciones del VRP}{section.1.2}% 5
\BOOKMARK [2][-]{subsection.1.2.2}{Criterios de vecindad}{section.1.2}% 6
\BOOKMARK [2][-]{subsection.1.2.3}{Estrategias de exploraci\363n y selecci\363n}{section.1.2}% 7
\BOOKMARK [2][-]{subsection.1.2.4}{B\372squeda de Vecindad Variable}{section.1.2}% 8
\BOOKMARK [1][-]{section.1.3}{Common Lisp}{chapter.1}% 9
\BOOKMARK [0][-]{chapter.2}{Herramientas para la automatizaci\363n de la soluci\363n de VRP}{}% 10
\BOOKMARK [1][-]{section.2.1}{\301rbol de vecindad}{chapter.2}% 11
\BOOKMARK [1][-]{section.2.2}{Grafo de Evaluaci\363n}{chapter.2}% 12
\BOOKMARK [2][-]{subsection.2.2.1}{Creaci\363n del grafo}{section.2.2}% 13
\BOOKMARK [2][-]{subsection.2.2.2}{Modificaci\363n del grafo}{section.2.2}% 14
\BOOKMARK [1][-]{section.2.3}{Combinaci\363n de estrategias de exploraci\363n y selecci\363n.}{chapter.2}% 15
\BOOKMARK [0][-]{chapter.3}{Propuesta de soluci\363n}{}% 16
\BOOKMARK [1][-]{section.3.1}{Vrp-core}{chapter.3}% 17
\BOOKMARK [1][-]{section.3.2}{Vrp-neigh}{chapter.3}% 18
\BOOKMARK [1][-]{section.3.3}{Vrp-eval}{chapter.3}% 19
\BOOKMARK [2][-]{subsection.3.3.1}{Limitaciones}{section.3.3}% 20
\BOOKMARK [1][-]{section.3.4}{Vrp-generator}{chapter.3}% 21
\BOOKMARK [0][-]{chapter.4}{M\351todo de uso}{}% 22
\BOOKMARK [1][-]{section.4.1}{Definici\363n del problema}{chapter.4}% 23
\BOOKMARK [1][-]{section.4.2}{Soluci\363n inicial y Grafo de Evaluaci\363n}{chapter.4}% 24
\BOOKMARK [1][-]{section.4.3}{Generaci\363n de funciones de exploraci\363n}{chapter.4}% 25
\BOOKMARK [1][-]{section.4.4}{C\363digo completo}{chapter.4}% 26
\BOOKMARK [0][-]{chapter.5}{Extensibilidad}{}% 27
\BOOKMARK [1][-]{section.5.1}{Descripci\363n del problema}{chapter.5}% 28
\BOOKMARK [1][-]{section.5.2}{Evaluaci\363n}{chapter.5}% 29
\BOOKMARK [1][-]{section.5.3}{Estrategias}{chapter.5}% 30
\BOOKMARK [0][-]{chapter.6}{Experimentos y resultados}{}% 31
\BOOKMARK [0][-]{chapter*.9}{Conclusiones}{}% 32
\BOOKMARK [0][-]{chapter*.10}{Bibliograf\355a}{}% 33
